app/build/intermediates/manifest_merge_blame_file/debug/manifest-merger-blame-debug-report.txt
1<?xml version="1.0" encoding="utf-8"?>
2<manifest xmlns:android="http://schemas.android.com/apk/res/android"
3    package="com.vishvendu.cleanarch.newsapp"
4    android:versionCode="1"
5    android:versionName="1.0" >
6
7    <uses-sdk
8        android:minSdkVersion="21"
8-->src\main\AndroidManifest.xml
9        android:targetSdkVersion="33" />
9-->src\main\AndroidManifest.xml
10
11    <uses-permission android:name="android.permission.ACCESS_NETWORK_STATE" />
11-->src\main\AndroidManifest.xml:5:5-79
11-->src\main\AndroidManifest.xml:5:22-76
12    <uses-permission android:name="android.permission.INTERNET" />
12-->src\main\AndroidManifest.xml:6:5-67
12-->src\main\AndroidManifest.xml:6:22-64
13    <uses-permission android:name="android.permission.REORDER_TASKS" />
13-->[androidx.fragment:fragment-testing:1.5.4] AndroidManifest.xml:25:5-72
13-->[androidx.fragment:fragment-testing:1.5.4] AndroidManifest.xml:25:22-69
14    <uses-permission android:name="android.permission.WAKE_LOCK" />
14-->[androidx.work:work-runtime:2.7.1] AndroidManifest.xml:25:5-68
14-->[androidx.work:work-runtime:2.7.1] AndroidManifest.xml:25:22-65
15    <uses-permission android:name="android.permission.RECEIVE_BOOT_COMPLETED" />
15-->[androidx.work:work-runtime:2.7.1] AndroidManifest.xml:27:5-81
15-->[androidx.work:work-runtime:2.7.1] AndroidManifest.xml:27:22-78
16    <uses-permission android:name="android.permission.FOREGROUND_SERVICE" />
16-->[androidx.work:work-runtime:2.7.1] AndroidManifest.xml:28:5-77
16-->[androidx.work:work-runtime:2.7.1] AndroidManifest.xml:28:22-74
17
18    <application
18-->src\main\AndroidManifest.xml:8:5-88:19
19        android:name="com.vishvendu.cleanarch.newsapp.MyNewsApplication"
19-->src\main\AndroidManifest.xml:9:9-42
20        android:allowBackup="true"
20-->src\main\AndroidManifest.xml:10:9-35
21        android:appComponentFactory="androidx.core.app.CoreComponentFactory"
21-->[androidx.core:core:1.8.0] AndroidManifest.xml:24:18-86
22        android:dataExtractionRules="@xml/data_extraction_rules"
22-->src\main\AndroidManifest.xml:11:9-65
23        android:debuggable="true"
24        android:fullBackupContent="@xml/backup_rules"
24-->src\main\AndroidManifest.xml:12:9-54
25        android:icon="@mipmap/ic_launcher"
25-->src\main\AndroidManifest.xml:13:9-43
26        android:label="@string/app_name"
26-->src\main\AndroidManifest.xml:14:9-41
27        android:roundIcon="@mipmap/ic_launcher_round"
27-->src\main\AndroidManifest.xml:15:9-54
28        android:supportsRtl="true"
28-->src\main\AndroidManifest.xml:16:9-35
29        android:testOnly="true"
30        android:theme="@style/Theme.NewsApp" >
30-->src\main\AndroidManifest.xml:17:9-45
31        <activity
31-->src\main\AndroidManifest.xml:19:9-25:20
32            android:name="com.vishvendu.cleanarch.newsapp.ui.activity.SearchNewsActivity"
32-->src\main\AndroidManifest.xml:20:13-59
33            android:exported="false" >
33-->src\main\AndroidManifest.xml:21:13-37
34            <meta-data
34-->src\main\AndroidManifest.xml:22:13-24:36
35                android:name="android.app.lib_name"
35-->src\main\AndroidManifest.xml:23:17-52
36                android:value="" />
36-->src\main\AndroidManifest.xml:24:17-33
37        </activity>
38        <activity
38-->src\main\AndroidManifest.xml:26:9-32:20
39            android:name="com.vishvendu.cleanarch.newsapp.ui.activity.NewsInLanguageActivity"
39-->src\main\AndroidManifest.xml:27:13-63
40            android:exported="false" >
40-->src\main\AndroidManifest.xml:28:13-37
41            <meta-data
41-->src\main\AndroidManifest.xml:22:13-24:36
42                android:name="android.app.lib_name"
42-->src\main\AndroidManifest.xml:23:17-52
43                android:value="" />
43-->src\main\AndroidManifest.xml:24:17-33
44        </activity>
45        <activity
45-->src\main\AndroidManifest.xml:33:9-39:20
46            android:name="com.vishvendu.cleanarch.newsapp.ui.activity.LanguageListActivity"
46-->src\main\AndroidManifest.xml:34:13-61
47            android:exported="false" >
47-->src\main\AndroidManifest.xml:35:13-37
48            <meta-data
48-->src\main\AndroidManifest.xml:22:13-24:36
49                android:name="android.app.lib_name"
49-->src\main\AndroidManifest.xml:23:17-52
50                android:value="" />
50-->src\main\AndroidManifest.xml:24:17-33
51        </activity>
52        <activity
52-->src\main\AndroidManifest.xml:40:9-46:20
53            android:name="com.vishvendu.cleanarch.newsapp.ui.activity.NewsForCountryActivity"
53-->src\main\AndroidManifest.xml:41:13-63
54            android:exported="false" >
54-->src\main\AndroidManifest.xml:42:13-37
55            <meta-data
55-->src\main\AndroidManifest.xml:22:13-24:36
56                android:name="android.app.lib_name"
56-->src\main\AndroidManifest.xml:23:17-52
57                android:value="" />
57-->src\main\AndroidManifest.xml:24:17-33
58        </activity>
59        <activity
59-->src\main\AndroidManifest.xml:47:9-53:20
60            android:name="com.vishvendu.cleanarch.newsapp.ui.activity.CountryListActivity"
60-->src\main\AndroidManifest.xml:48:13-60
61            android:exported="false" >
61-->src\main\AndroidManifest.xml:49:13-37
62            <meta-data
62-->src\main\AndroidManifest.xml:22:13-24:36
63                android:name="android.app.lib_name"
63-->src\main\AndroidManifest.xml:23:17-52
64                android:value="" />
64-->src\main\AndroidManifest.xml:24:17-33
65        </activity>
66        <activity
66-->src\main\AndroidManifest.xml:54:9-60:20
67            android:name="com.vishvendu.cleanarch.newsapp.ui.activity.NewsSourceDetailsActivity"
67-->src\main\AndroidManifest.xml:55:13-66
68            android:exported="false" >
68-->src\main\AndroidManifest.xml:56:13-37
69            <meta-data
69-->src\main\AndroidManifest.xml:22:13-24:36
70                android:name="android.app.lib_name"
70-->src\main\AndroidManifest.xml:23:17-52
71                android:value="" />
71-->src\main\AndroidManifest.xml:24:17-33
72        </activity>
73        <activity
73-->src\main\AndroidManifest.xml:61:9-67:20
74            android:name="com.vishvendu.cleanarch.newsapp.ui.activity.NewsSourcesActivity"
74-->src\main\AndroidManifest.xml:62:13-60
75            android:exported="false" >
75-->src\main\AndroidManifest.xml:63:13-37
76            <meta-data
76-->src\main\AndroidManifest.xml:22:13-24:36
77                android:name="android.app.lib_name"
77-->src\main\AndroidManifest.xml:23:17-52
78                android:value="" />
78-->src\main\AndroidManifest.xml:24:17-33
79        </activity>
80        <activity
80-->src\main\AndroidManifest.xml:68:9-74:20
81            android:name="com.vishvendu.cleanarch.newsapp.ui.activity.TopHeadlinesActivity"
81-->src\main\AndroidManifest.xml:69:13-61
82            android:exported="false" >
82-->src\main\AndroidManifest.xml:70:13-37
83            <meta-data
83-->src\main\AndroidManifest.xml:22:13-24:36
84                android:name="android.app.lib_name"
84-->src\main\AndroidManifest.xml:23:17-52
85                android:value="" />
85-->src\main\AndroidManifest.xml:24:17-33
86        </activity>
87        <activity
87-->src\main\AndroidManifest.xml:75:9-87:20
88            android:name="com.vishvendu.cleanarch.newsapp.ui.activity.MainActivity"
88-->src\main\AndroidManifest.xml:76:13-53
89            android:exported="true" >
89-->src\main\AndroidManifest.xml:77:13-36
90            <intent-filter>
90-->src\main\AndroidManifest.xml:78:13-82:29
91                <action android:name="android.intent.action.MAIN" />
91-->src\main\AndroidManifest.xml:79:17-69
91-->src\main\AndroidManifest.xml:79:25-66
92
93                <category android:name="android.intent.category.LAUNCHER" />
93-->src\main\AndroidManifest.xml:81:17-77
93-->src\main\AndroidManifest.xml:81:27-74
94            </intent-filter>
95
96            <meta-data
96-->src\main\AndroidManifest.xml:22:13-24:36
97                android:name="android.app.lib_name"
97-->src\main\AndroidManifest.xml:23:17-52
98                android:value="" />
98-->src\main\AndroidManifest.xml:24:17-33
99        </activity>
100        <activity
100-->[androidx.fragment:fragment-testing:1.5.4] AndroidManifest.xml:28:9-37:20
101            android:name="androidx.fragment.app.testing.FragmentScenario$EmptyFragmentActivity"
101-->[androidx.fragment:fragment-testing:1.5.4] AndroidManifest.xml:29:13-96
102            android:exported="true"
102-->[androidx.fragment:fragment-testing:1.5.4] AndroidManifest.xml:30:13-36
103            android:multiprocess="true"
103-->[androidx.fragment:fragment-testing:1.5.4] AndroidManifest.xml:31:13-40
104            android:taskAffinity=""
104-->[androidx.fragment:fragment-testing:1.5.4] AndroidManifest.xml:32:13-36
105            android:theme="@style/FragmentScenarioEmptyFragmentActivityTheme" >
105-->[androidx.fragment:fragment-testing:1.5.4] AndroidManifest.xml:33:13-78
106            <intent-filter>
106-->[androidx.fragment:fragment-testing:1.5.4] AndroidManifest.xml:34:13-36:29
107                <action android:name="android.intent.action.MAIN" />
107-->src\main\AndroidManifest.xml:79:17-69
107-->src\main\AndroidManifest.xml:79:25-66
108            </intent-filter>
109        </activity>
110        <activity
110-->[androidx.test:core:1.5.0] AndroidManifest.xml:27:9-34:20
111            android:name="androidx.test.core.app.InstrumentationActivityInvoker$BootstrapActivity"
111-->[androidx.test:core:1.5.0] AndroidManifest.xml:28:13-99
112            android:exported="true"
112-->[androidx.test:core:1.5.0] AndroidManifest.xml:29:13-36
113            android:theme="@style/WhiteBackgroundTheme" >
113-->[androidx.test:core:1.5.0] AndroidManifest.xml:30:13-56
114            <intent-filter android:priority="-100" >
114-->[androidx.test:core:1.5.0] AndroidManifest.xml:31:13-33:29
114-->[androidx.test:core:1.5.0] AndroidManifest.xml:31:28-51
115                <category android:name="android.intent.category.LAUNCHER" />
115-->src\main\AndroidManifest.xml:81:17-77
115-->src\main\AndroidManifest.xml:81:27-74
116            </intent-filter>
117        </activity>
118        <activity
118-->[androidx.test:core:1.5.0] AndroidManifest.xml:35:9-42:20
119            android:name="androidx.test.core.app.InstrumentationActivityInvoker$EmptyActivity"
119-->[androidx.test:core:1.5.0] AndroidManifest.xml:36:13-95
120            android:exported="true"
120-->[androidx.test:core:1.5.0] AndroidManifest.xml:37:13-36
121            android:theme="@style/WhiteBackgroundTheme" >
121-->[androidx.test:core:1.5.0] AndroidManifest.xml:38:13-56
122            <intent-filter android:priority="-100" >
122-->[androidx.test:core:1.5.0] AndroidManifest.xml:31:13-33:29
122-->[androidx.test:core:1.5.0] AndroidManifest.xml:31:28-51
123                <category android:name="android.intent.category.LAUNCHER" />
123-->src\main\AndroidManifest.xml:81:17-77
123-->src\main\AndroidManifest.xml:81:27-74
124            </intent-filter>
125        </activity>
126        <activity
126-->[androidx.test:core:1.5.0] AndroidManifest.xml:43:9-50:20
127            android:name="androidx.test.core.app.InstrumentationActivityInvoker$EmptyFloatingActivity"
127-->[androidx.test:core:1.5.0] AndroidManifest.xml:44:13-103
128            android:exported="true"
128-->[androidx.test:core:1.5.0] AndroidManifest.xml:45:13-36
129            android:theme="@style/WhiteBackgroundDialogTheme" >
129-->[androidx.test:core:1.5.0] AndroidManifest.xml:46:13-62
130            <intent-filter android:priority="-100" >
130-->[androidx.test:core:1.5.0] AndroidManifest.xml:31:13-33:29
130-->[androidx.test:core:1.5.0] AndroidManifest.xml:31:28-51
131                <category android:name="android.intent.category.LAUNCHER" />
131-->src\main\AndroidManifest.xml:81:17-77
131-->src\main\AndroidManifest.xml:81:27-74
132            </intent-filter>
133        </activity>
134
135        <provider
135-->[androidx.work:work-runtime:2.7.1] AndroidManifest.xml:31:9-39:20
136            android:name="androidx.startup.InitializationProvider"
136-->[androidx.work:work-runtime:2.7.1] AndroidManifest.xml:32:13-67
137            android:authorities="com.vishvendu.cleanarch.newsapp.androidx-startup"
137-->[androidx.work:work-runtime:2.7.1] AndroidManifest.xml:33:13-68
138            android:exported="false" >
138-->[androidx.work:work-runtime:2.7.1] AndroidManifest.xml:34:13-37
139            <meta-data
139-->[androidx.work:work-runtime:2.7.1] AndroidManifest.xml:36:13-38:52
140                android:name="androidx.work.WorkManagerInitializer"
140-->[androidx.work:work-runtime:2.7.1] AndroidManifest.xml:37:17-68
141                android:value="androidx.startup" />
141-->[androidx.work:work-runtime:2.7.1] AndroidManifest.xml:38:17-49
142            <meta-data
142-->[androidx.emoji2:emoji2:1.2.0] AndroidManifest.xml:29:13-31:52
143                android:name="androidx.emoji2.text.EmojiCompatInitializer"
143-->[androidx.emoji2:emoji2:1.2.0] AndroidManifest.xml:30:17-75
144                android:value="androidx.startup" />
144-->[androidx.emoji2:emoji2:1.2.0] AndroidManifest.xml:31:17-49
145            <meta-data
145-->[androidx.lifecycle:lifecycle-process:2.4.1] AndroidManifest.xml:31:13-33:52
146                android:name="androidx.lifecycle.ProcessLifecycleInitializer"
146-->[androidx.lifecycle:lifecycle-process:2.4.1] AndroidManifest.xml:32:17-78
147                android:value="androidx.startup" />
147-->[androidx.lifecycle:lifecycle-process:2.4.1] AndroidManifest.xml:33:17-49
148        </provider>
149
150        <service
150-->[androidx.work:work-runtime:2.7.1] AndroidManifest.xml:41:9-46:35
151            android:name="androidx.work.impl.background.systemalarm.SystemAlarmService"
151-->[androidx.work:work-runtime:2.7.1] AndroidManifest.xml:42:13-88
152            android:directBootAware="false"
152-->[androidx.work:work-runtime:2.7.1] AndroidManifest.xml:43:13-44
153            android:enabled="@bool/enable_system_alarm_service_default"
153-->[androidx.work:work-runtime:2.7.1] AndroidManifest.xml:44:13-72
154            android:exported="false" />
154-->[androidx.work:work-runtime:2.7.1] AndroidManifest.xml:45:13-37
155        <service
155-->[androidx.work:work-runtime:2.7.1] AndroidManifest.xml:47:9-53:35
156            android:name="androidx.work.impl.background.systemjob.SystemJobService"
156-->[androidx.work:work-runtime:2.7.1] AndroidManifest.xml:48:13-84
157            android:directBootAware="false"
157-->[androidx.work:work-runtime:2.7.1] AndroidManifest.xml:49:13-44
158            android:enabled="@bool/enable_system_job_service_default"
158-->[androidx.work:work-runtime:2.7.1] AndroidManifest.xml:50:13-70
159            android:exported="true"
159-->[androidx.work:work-runtime:2.7.1] AndroidManifest.xml:51:13-36
160            android:permission="android.permission.BIND_JOB_SERVICE" />
160-->[androidx.work:work-runtime:2.7.1] AndroidManifest.xml:52:13-69
161        <service
161-->[androidx.work:work-runtime:2.7.1] AndroidManifest.xml:54:9-59:35
162            android:name="androidx.work.impl.foreground.SystemForegroundService"
162-->[androidx.work:work-runtime:2.7.1] AndroidManifest.xml:55:13-81
163            android:directBootAware="false"
163-->[androidx.work:work-runtime:2.7.1] AndroidManifest.xml:56:13-44
164            android:enabled="@bool/enable_system_foreground_service_default"
164-->[androidx.work:work-runtime:2.7.1] AndroidManifest.xml:57:13-77
165            android:exported="false" />
165-->[androidx.work:work-runtime:2.7.1] AndroidManifest.xml:58:13-37
166
167        <receiver
167-->[androidx.work:work-runtime:2.7.1] AndroidManifest.xml:61:9-66:35
168            android:name="androidx.work.impl.utils.ForceStopRunnable$BroadcastReceiver"
168-->[androidx.work:work-runtime:2.7.1] AndroidManifest.xml:62:13-88
169            android:directBootAware="false"
169-->[androidx.work:work-runtime:2.7.1] AndroidManifest.xml:63:13-44
170            android:enabled="true"
170-->[androidx.work:work-runtime:2.7.1] AndroidManifest.xml:64:13-35
171            android:exported="false" />
171-->[androidx.work:work-runtime:2.7.1] AndroidManifest.xml:65:13-37
172        <receiver
172-->[androidx.work:work-runtime:2.7.1] AndroidManifest.xml:67:9-77:20
173            android:name="androidx.work.impl.background.systemalarm.ConstraintProxy$BatteryChargingProxy"
173-->[androidx.work:work-runtime:2.7.1] AndroidManifest.xml:68:13-106
174            android:directBootAware="false"
174-->[androidx.work:work-runtime:2.7.1] AndroidManifest.xml:69:13-44
175            android:enabled="false"
175-->[androidx.work:work-runtime:2.7.1] AndroidManifest.xml:70:13-36
176            android:exported="false" >
176-->[androidx.work:work-runtime:2.7.1] AndroidManifest.xml:71:13-37
177            <intent-filter>
177-->[androidx.work:work-runtime:2.7.1] AndroidManifest.xml:73:13-76:29
178                <action android:name="android.intent.action.ACTION_POWER_CONNECTED" />
178-->[androidx.work:work-runtime:2.7.1] AndroidManifest.xml:74:17-87
178-->[androidx.work:work-runtime:2.7.1] AndroidManifest.xml:74:25-84
179                <action android:name="android.intent.action.ACTION_POWER_DISCONNECTED" />
179-->[androidx.work:work-runtime:2.7.1] AndroidManifest.xml:75:17-90
179-->[androidx.work:work-runtime:2.7.1] AndroidManifest.xml:75:25-87
180            </intent-filter>
181        </receiver>
182        <receiver
182-->[androidx.work:work-runtime:2.7.1] AndroidManifest.xml:78:9-88:20
183            android:name="androidx.work.impl.background.systemalarm.ConstraintProxy$BatteryNotLowProxy"
183-->[androidx.work:work-runtime:2.7.1] AndroidManifest.xml:79:13-104
184            android:directBootAware="false"
184-->[androidx.work:work-runtime:2.7.1] AndroidManifest.xml:80:13-44
185            android:enabled="false"
185-->[androidx.work:work-runtime:2.7.1] AndroidManifest.xml:81:13-36
186            android:exported="false" >
186-->[androidx.work:work-runtime:2.7.1] AndroidManifest.xml:82:13-37
187            <intent-filter>
187-->[androidx.work:work-runtime:2.7.1] AndroidManifest.xml:84:13-87:29
188                <action android:name="android.intent.action.BATTERY_OKAY" />
188-->[androidx.work:work-runtime:2.7.1] AndroidManifest.xml:85:17-77
188-->[androidx.work:work-runtime:2.7.1] AndroidManifest.xml:85:25-74
189                <action android:name="android.intent.action.BATTERY_LOW" />
189-->[androidx.work:work-runtime:2.7.1] AndroidManifest.xml:86:17-76
189-->[androidx.work:work-runtime:2.7.1] AndroidManifest.xml:86:25-73
190            </intent-filter>
191        </receiver>
192        <receiver
192-->[androidx.work:work-runtime:2.7.1] AndroidManifest.xml:89:9-99:20
193            android:name="androidx.work.impl.background.systemalarm.ConstraintProxy$StorageNotLowProxy"
193-->[androidx.work:work-runtime:2.7.1] AndroidManifest.xml:90:13-104
194            android:directBootAware="false"
194-->[androidx.work:work-runtime:2.7.1] AndroidManifest.xml:91:13-44
195            android:enabled="false"
195-->[androidx.work:work-runtime:2.7.1] AndroidManifest.xml:92:13-36
196            android:exported="false" >
196-->[androidx.work:work-runtime:2.7.1] AndroidManifest.xml:93:13-37
197            <intent-filter>
197-->[androidx.work:work-runtime:2.7.1] AndroidManifest.xml:95:13-98:29
198                <action android:name="android.intent.action.DEVICE_STORAGE_LOW" />
198-->[androidx.work:work-runtime:2.7.1] AndroidManifest.xml:96:17-83
198-->[androidx.work:work-runtime:2.7.1] AndroidManifest.xml:96:25-80
199                <action android:name="android.intent.action.DEVICE_STORAGE_OK" />
199-->[androidx.work:work-runtime:2.7.1] AndroidManifest.xml:97:17-82
199-->[androidx.work:work-runtime:2.7.1] AndroidManifest.xml:97:25-79
200            </intent-filter>
201        </receiver>
202        <receiver
202-->[androidx.work:work-runtime:2.7.1] AndroidManifest.xml:100:9-109:20
203            android:name="androidx.work.impl.background.systemalarm.ConstraintProxy$NetworkStateProxy"
203-->[androidx.work:work-runtime:2.7.1] AndroidManifest.xml:101:13-103
204            android:directBootAware="false"
204-->[androidx.work:work-runtime:2.7.1] AndroidManifest.xml:102:13-44
205            android:enabled="false"
205-->[androidx.work:work-runtime:2.7.1] AndroidManifest.xml:103:13-36
206            android:exported="false" >
206-->[androidx.work:work-runtime:2.7.1] AndroidManifest.xml:104:13-37
207            <intent-filter>
207-->[androidx.work:work-runtime:2.7.1] AndroidManifest.xml:106:13-108:29
208                <action android:name="android.net.conn.CONNECTIVITY_CHANGE" />
208-->[androidx.work:work-runtime:2.7.1] AndroidManifest.xml:107:17-79
208-->[androidx.work:work-runtime:2.7.1] AndroidManifest.xml:107:25-76
209            </intent-filter>
210        </receiver>
211        <receiver
211-->[androidx.work:work-runtime:2.7.1] AndroidManifest.xml:110:9-121:20
212            android:name="androidx.work.impl.background.systemalarm.RescheduleReceiver"
212-->[androidx.work:work-runtime:2.7.1] AndroidManifest.xml:111:13-88
213            android:directBootAware="false"
213-->[androidx.work:work-runtime:2.7.1] AndroidManifest.xml:112:13-44
214            android:enabled="false"
214-->[androidx.work:work-runtime:2.7.1] AndroidManifest.xml:113:13-36
215            android:exported="false" >
215-->[androidx.work:work-runtime:2.7.1] AndroidManifest.xml:114:13-37
216            <intent-filter>
216-->[androidx.work:work-runtime:2.7.1] AndroidManifest.xml:116:13-120:29
217                <action android:name="android.intent.action.BOOT_COMPLETED" />
217-->[androidx.work:work-runtime:2.7.1] AndroidManifest.xml:117:17-79
217-->[androidx.work:work-runtime:2.7.1] AndroidManifest.xml:117:25-76
218                <action android:name="android.intent.action.TIME_SET" />
218-->[androidx.work:work-runtime:2.7.1] AndroidManifest.xml:118:17-73
218-->[androidx.work:work-runtime:2.7.1] AndroidManifest.xml:118:25-70
219                <action android:name="android.intent.action.TIMEZONE_CHANGED" />
219-->[androidx.work:work-runtime:2.7.1] AndroidManifest.xml:119:17-81
219-->[androidx.work:work-runtime:2.7.1] AndroidManifest.xml:119:25-78
220            </intent-filter>
221        </receiver>
222        <receiver
222-->[androidx.work:work-runtime:2.7.1] AndroidManifest.xml:122:9-131:20
223            android:name="androidx.work.impl.background.systemalarm.ConstraintProxyUpdateReceiver"
223-->[androidx.work:work-runtime:2.7.1] AndroidManifest.xml:123:13-99
224            android:directBootAware="false"
224-->[androidx.work:work-runtime:2.7.1] AndroidManifest.xml:124:13-44
225            android:enabled="@bool/enable_system_alarm_service_default"
225-->[androidx.work:work-runtime:2.7.1] AndroidManifest.xml:125:13-72
226            android:exported="false" >
226-->[androidx.work:work-runtime:2.7.1] AndroidManifest.xml:126:13-37
227            <intent-filter>
227-->[androidx.work:work-runtime:2.7.1] AndroidManifest.xml:128:13-130:29
228                <action android:name="androidx.work.impl.background.systemalarm.UpdateProxies" />
228-->[androidx.work:work-runtime:2.7.1] AndroidManifest.xml:129:17-98
228-->[androidx.work:work-runtime:2.7.1] AndroidManifest.xml:129:25-95
229            </intent-filter>
230        </receiver>
231        <receiver
231-->[androidx.work:work-runtime:2.7.1] AndroidManifest.xml:132:9-142:20
232            android:name="androidx.work.impl.diagnostics.DiagnosticsReceiver"
232-->[androidx.work:work-runtime:2.7.1] AndroidManifest.xml:133:13-78
233            android:directBootAware="false"
233-->[androidx.work:work-runtime:2.7.1] AndroidManifest.xml:134:13-44
234            android:enabled="true"
234-->[androidx.work:work-runtime:2.7.1] AndroidManifest.xml:135:13-35
235            android:exported="true"
235-->[androidx.work:work-runtime:2.7.1] AndroidManifest.xml:136:13-36
236            android:permission="android.permission.DUMP" >
236-->[androidx.work:work-runtime:2.7.1] AndroidManifest.xml:137:13-57
237            <intent-filter>
237-->[androidx.work:work-runtime:2.7.1] AndroidManifest.xml:139:13-141:29
238                <action android:name="androidx.work.diagnostics.REQUEST_DIAGNOSTICS" />
238-->[androidx.work:work-runtime:2.7.1] AndroidManifest.xml:140:17-88
238-->[androidx.work:work-runtime:2.7.1] AndroidManifest.xml:140:25-85
239            </intent-filter>
240        </receiver>
241
242        <service
242-->[androidx.room:room-runtime:2.4.2] AndroidManifest.xml:25:9-28:40
243            android:name="androidx.room.MultiInstanceInvalidationService"
243-->[androidx.room:room-runtime:2.4.2] AndroidManifest.xml:26:13-74
244            android:directBootAware="true"
244-->[androidx.room:room-runtime:2.4.2] AndroidManifest.xml:27:13-43
245            android:exported="false" />
245-->[androidx.room:room-runtime:2.4.2] AndroidManifest.xml:28:13-37
246    </application>
247
248</manifest>